<?xml version="1.0" encoding="UTF-8"?>
<testsuite xmlns:xsi="http://www.w3.org/2001/XMLSchema-instance" xsi:noNamespaceSchemaLocation="https://maven.apache.org/surefire/maven-surefire-plugin/xsd/surefire-test-report-3.0.xsd" version="3.0" name="com.test.demo.AppTest" time="0.027" tests="2" errors="0" skipped="0" failures="0">
  <properties>
    <property name="sun.desktop" value="windows"/>
    <property name="awt.toolkit" value="sun.awt.windows.WToolkit"/>
    <property name="file.encoding.pkg" value="sun.io"/>
    <property name="java.specification.version" value="1.8"/>
    <property name="sun.cpu.isalist" value="amd64"/>
    <property name="sun.jnu.encoding" value="GBK"/>
    <property name="java.class.path" value="C:\Tools\demo-mvn\target\test-classes;C:\Tools\demo-mvn\target\classes;C:\Users\lgc653\.m2\repository\junit\junit\4.11\junit-4.11.jar;C:\Users\lgc653\.m2\repository\org\hamcrest\hamcrest-core\1.3\hamcrest-core-1.3.jar;"/>
    <property name="java.vm.vendor" value="Red Hat, Inc."/>
    <property name="sun.arch.data.model" value="64"/>
    <property name="user.variant" value=""/>
    <property name="java.vendor.url" value="https://access.redhat.com/"/>
    <property name="user.timezone" value="Asia/Shanghai"/>
    <property name="java.vm.specification.version" value="1.8"/>
    <property name="os.name" value="Windows 10"/>
    <property name="user.country" value="CN"/>
    <property name="sun.java.launcher" value="SUN_STANDARD"/>
    <property name="sun.boot.library.path" value="C:\Tools\java-1.8.0-openjdk-1.8.0.332-2.b09.redhat.windows.x86_64\jre\bin"/>
    <property name="sun.java.command" value="C:\Users\lgc653\AppData\Local\Temp\surefire982840506283383609\surefirebooter-20230325212443189_3.jar C:\Users\lgc653\AppData\Local\Temp\surefire982840506283383609 2023-03-25T21-24-42_731-jvmRun1 surefire-20230325212443189_1tmp surefire_0-20230325212443189_2tmp"/>
    <property name="surefire.test.class.path" value="C:\Tools\demo-mvn\target\test-classes;C:\Tools\demo-mvn\target\classes;C:\Users\lgc653\.m2\repository\junit\junit\4.11\junit-4.11.jar;C:\Users\lgc653\.m2\repository\org\hamcrest\hamcrest-core\1.3\hamcrest-core-1.3.jar;"/>
    <property name="sun.cpu.endian" value="little"/>
    <property name="user.home" value="C:\Users\lgc653"/>
    <property name="user.language" value="zh"/>
    <property name="java.specification.vendor" value="Oracle Corporation"/>
    <property name="java.home" value="C:\Tools\java-1.8.0-openjdk-1.8.0.332-2.b09.redhat.windows.x86_64\jre"/>
    <property name="basedir" value="C:\Tools\demo-mvn"/>
    <property name="file.separator" value="\"/>
    <property name="line.separator" value="&#10;"/>
    <property name="java.vm.specification.vendor" value="Oracle Corporation"/>
    <property name="java.specification.name" value="Java Platform API Specification"/>
    <property name="java.awt.graphicsenv" value="sun.awt.Win32GraphicsEnvironment"/>
    <property name="surefire.real.class.path" value="C:\Users\lgc653\AppData\Local\Temp\surefire982840506283383609\surefirebooter-20230325212443189_3.jar"/>
    <property name="sun.boot.class.path" value="C:\Tools\java-1.8.0-openjdk-1.8.0.332-2.b09.redhat.windows.x86_64\jre\lib\resources.jar;C:\Tools\java-1.8.0-openjdk-1.8.0.332-2.b09.redhat.windows.x86_64\jre\lib\rt.jar;C:\Tools\java-1.8.0-openjdk-1.8.0.332-2.b09.redhat.windows.x86_64\jre\lib\sunrsasign.jar;C:\Tools\java-1.8.0-openjdk-1.8.0.332-2.b09.redhat.windows.x86_64\jre\lib\jsse.jar;C:\Tools\java-1.8.0-openjdk-1.8.0.332-2.b09.redhat.windows.x86_64\jre\lib\jce.jar;C:\Tools\java-1.8.0-openjdk-1.8.0.332-2.b09.redhat.windows.x86_64\jre\lib\charsets.jar;C:\Tools\java-1.8.0-openjdk-1.8.0.332-2.b09.redhat.windows.x86_64\jre\lib\jfr.jar;C:\Tools\java-1.8.0-openjdk-1.8.0.332-2.b09.redhat.windows.x86_64\jre\classes"/>
    <property name="user.script" value=""/>
    <property name="sun.management.compiler" value="HotSpot 64-Bit Tiered Compilers"/>
    <property name="java.runtime.version" value="1.8.0_332-b09"/>
    <property name="user.name" value="lgc653"/>
    <property name="path.separator" value=";"/>
    <property name="os.version" value="10.0"/>
    <property name="java.endorsed.dirs" value="C:\Tools\java-1.8.0-openjdk-1.8.0.332-2.b09.redhat.windows.x86_64\jre\lib\endorsed"/>
    <property name="java.runtime.name" value="OpenJDK Runtime Environment"/>
    <property name="file.encoding" value="GBK"/>
    <property name="java.vm.name" value="OpenJDK 64-Bit Server VM"/>
    <property name="localRepository" value="C:\Users\lgc653\.m2\repository"/>
    <property name="java.vendor.url.bug" value="https://bugzilla.redhat.com/enter_bug.cgi"/>
    <property name="java.io.tmpdir" value="C:\Users\lgc653\AppData\Local\Temp\"/>
    <property name="java.version" value="1.8.0_332"/>
    <property name="user.dir" value="C:\Tools\demo-mvn"/>
    <property name="os.arch" value="amd64"/>
    <property name="java.vm.specification.name" value="Java Virtual Machine Specification"/>
    <property name="java.awt.printerjob" value="sun.awt.windows.WPrinterJob"/>
    <property name="sun.os.patch.level" value=""/>
    <property name="java.library.path" value="C:\Tools\java-1.8.0-openjdk-1.8.0.332-2.b09.redhat.windows.x86_64\jre\bin;C:\Windows\Sun\Java\bin;C:\Windows\system32;C:\Windows;C:\Program Files\PowerShell\7;C:\Windows\system32;C:\Windows;C:\Windows\System32\Wbem;C:\Windows\System32\WindowsPowerShell\v1.0\;C:\Windows\System32\OpenSSH\;C:\Program Files (x86)\NVIDIA Corporation\PhysX\Common;C:\Program Files\NVIDIA Corporation\NVIDIA NvDLISR;C:\Program Files\Git\cmd;C:\Users\lgc653\AppData\Roaming\nvm;C:\Program Files\nodejs;C:\Program Files (x86)\Tencent\微信web开发者工具\dll;C:\Program Files (x86)\Subversion\bin;C:\Program Files\dotnet\;c:\Users\lgc653\AppData\Local\Android\Sdk\platform-tools;C:\Users\lgc653\AppData\Local\Programs\Python\Python310;C:\Users\lgc653\AppData\Local\Programs\Python\Python310\Scripts\;C:\Tools\flutter\bin\;C:\Program Files\TortoiseSVN\bin;C:\Tools\xampp\php-7.4.33\;C:\ProgramData\ComposerSetup\bin;C:\Program Files (x86)\OpenCTM 1.0.3\bin;C:\Program Files\Amazon\AWSCLIV2\;C:\Program Files\Amazon\AWSSAMCLI\bin\;C:\Program Files\PowerShell\7\;C:\Program Files\TortoiseGit\bin;c:\Tools\apache-maven\\bin;C:\Program Files\Calibre2\;%PNPM_HOME%;C:\Users\lgc653\AppData\Local\Microsoft\WindowsApps;C:\Users\lgc653\AppData\Local\Programs\Microsoft VS Code\bin;C:\Tools\java-1.8.0-openjdk-1.8.0.332-2.b09.redhat.windows.x86_64\\bin;C:\Users\lgc653\AppData\Roaming\npm;C:\Users\lgc653\AppData\Roaming\nvm;C:\Program Files\nodejs;C:\Users\lgc653\AppData\Local\Pandoc\;C:\Users\lgc653\.dotnet\tools;c:\Program Files\wkhtmltopdf\bin\;C:\Users\lgc653\AppData\Roaming\Composer\vendor\bin;C:\Users\lgc653\AppData\Local\Programs\oh-my-posh\bin;C:\Windows\sysnative;C:\Windows\sysnative\Wbem;C:\Windows\sysnative\WindowsPowerShell\v1.0\;C:\Windows\sysnative\OpenSSH\;."/>
    <property name="java.vm.info" value="mixed mode"/>
    <property name="java.vendor" value="Red Hat, Inc."/>
    <property name="java.vm.version" value="25.332-b09"/>
    <property name="java.ext.dirs" value="C:\Tools\java-1.8.0-openjdk-1.8.0.332-2.b09.redhat.windows.x86_64\jre\lib\ext;C:\Windows\Sun\Java\lib\ext"/>
    <property name="sun.io.unicode.encoding" value="UnicodeLittle"/>
    <property name="java.class.version" value="52.0"/>
  </properties>
  <testcase name="testAdd" classname="com.test.demo.AppTest" time="0.002"/>
  <testcase name="testSayHello" classname="com.test.demo.AppTest" time="0.001"/>
</testsuite>